<?xml version="1.0" encoding="UTF-8"?>
<!-- Generated by org.testng.reporters.JUnitReportReporter -->
<testsuite hostname="TWINDLP240" name="newPackage.PageObjectModelTest" tests="1" failures="0" timestamp="21 Jun 2016 11:29:10 GMT" time="31.928" errors="0">
  <testcase name="testMoltonBrown" time="31.928" classname="newPackage.PageObjectModelTest"/>
</testsuite> <!-- newPackage.PageObjectModelTest -->
